QRcodeApps/app/build/outputs/logs/manifest-merger-debug-report.txt
-- Merging decision tree log ---
manifest
ADDED from src\main\AndroidManifest.xml:2:1-44:12
INJECTED from src\main\AndroidManifest.xml:2:1-44:12
INJECTED from src\main\AndroidManifest.xml:2:1-44:12
INJECTED from src\main\AndroidManifest.xml:2:1-44:12
MERGED from [androidx.databinding:viewbinding:8.13.1] AndroidManifest.xml:2:1-7:12
MERGED from [androidx.navigation:navigation-runtime-android:2.9.6] AndroidManifest.xml:17:1-22:12
MERGED from [androidx.navigation:navigation-common-android:2.9.6] AndroidManifest.xml:17:1-22:12
MERGED from [androidx.navigation:navigation-fragment:2.9.6] AndroidManifest.xml:17:1-22:12
MERGED from [androidx.navigation:navigation-fragment-ktx:2.9.6] AndroidManifest.xml:2:1-7:12
MERGED from [androidx.navigation:navigation-ui-ktx:2.9.6] AndroidManifest.xml:2:1-7:12
MERGED from [androidx.navigation:navigation-ui:2.9.6] AndroidManifest.xml:17:1-22:12
MERGED from [com.google.android.material:material:1.13.0] AndroidManifest.xml:17:1-24:12
MERGED from [androidx.constraintlayout:constraintlayout:2.2.1] AndroidManifest.xml:2:1-9:12
MERGED from [androidx.camera:camera-video:1.5.1] AndroidManifest.xml:2:1-7:12
MERGED from [androidx.camera:camera-lifecycle:1.5.1] AndroidManifest.xml:2:1-7:12
MERGED from [androidx.camera:camera-camera2:1.5.1] AndroidManifest.xml:17:1-36:12
MERGED from [androidx.camera:camera-core:1.5.1] AndroidManifest.xml:17:1-36:12
MERGED from [androidx.camera:camera-view:1.5.1] AndroidManifest.xml:2:1-7:12
MERGED from [androidx.appcompat:appcompat-resources:1.7.1] AndroidManifest.xml:2:1-7:12
MERGED from [com.google.mlkit:barcode-scanning:17.3.0] AndroidManifest.xml:2:1-7:12
MERGED from [com.google.android.gms:play-services-mlkit-barcode-scanning:18.3.1] AndroidManifest.xml:2:1-18:12
MERGED from [com.google.mlkit:barcode-scanning-common:17.0.0] AndroidManifest.xml:2:1-7:12
MERGED from [com.google.mlkit:vision-common:17.3.0] AndroidManifest.xml:2:1-18:12
MERGED from [com.google.mlkit:common:18.11.0] AndroidManifest.xml:2:1-26:12
MERGED from [androidx.appcompat:appcompat:1.7.1] AndroidManifest.xml:2:1-7:12
MERGED from [androidx.viewpager2:viewpager2:1.0.0] AndroidManifest.xml:17:1-24:12
MERGED from [com.google.android.gms:play-services-base:18.5.0] AndroidManifest.xml:2:1-7:12
MERGED from [com.google.mlkit:vision-interfaces:16.3.0] AndroidManifest.xml:2:1-7:12
MERGED from [com.google.android.gms:play-services-tasks:18.2.0] AndroidManifest.xml:2:1-5:12
MERGED from [com.google.android.gms:play-services-basement:18.4.0] AndroidManifest.xml:2:1-9:12
MERGED from [androidx.fragment:fragment-ktx:1.6.2] AndroidManifest.xml:17:1-22:12
MERGED from [androidx.fragment:fragment:1.6.2] AndroidManifest.xml:17:1-22:12
MERGED from [androidx.activity:activity-ktx:1.8.0] AndroidManifest.xml:2:1-7:12
MERGED from [androidx.activity:activity:1.8.0] AndroidManifest.xml:17:1-22:12
MERGED from [androidx.emoji2:emoji2-views-helper:1.3.0] AndroidManifest.xml:2:1-7:12
MERGED from [androidx.emoji2:emoji2:1.3.0] AndroidManifest.xml:17:1-35:12
MERGED from [androidx.drawerlayout:drawerlayout:1.1.1] AndroidManifest.xml:17:1-24:12
MERGED from [androidx.coordinatorlayout:coordinatorlayout:1.1.0] AndroidManifest.xml:17:1-24:12
MERGED from [androidx.slidingpanelayout:slidingpanelayout:1.2.0] AndroidManifest.xml:17:1-24:12
MERGED from [androidx.transition:transition:1.5.0] AndroidManifest.xml:2:1-7:12
MERGED from [androidx.dynamicanimation:dynamicanimation:1.1.0] AndroidManifest.xml:2:1-7:12
MERGED from [androidx.recyclerview:recyclerview:1.2.1] AndroidManifest.xml:17:1-24:12
MERGED from [androidx.vectordrawable:vectordrawable-animated:1.1.0] AndroidManifest.xml:17:1-24:12
MERGED from [androidx.vectordrawable:vectordrawable:1.1.0] AndroidManifest.xml:17:1-24:12
MERGED from [androidx.viewpager:viewpager:1.0.0] AndroidManifest.xml:17:1-22:12
MERGED from [androidx.customview:customview:1.1.0] AndroidManifest.xml:17:1-24:12
MERGED from [androidx.window:window:1.0.0] AndroidManifest.xml:17:1-33:12
MERGED from [androidx.loader:loader:1.0.0] AndroidManifest.xml:17:1-22:12
MERGED from [androidx.core:core:1.17.0] AndroidManifest.xml:17:1-30:12
MERGED from [androidx.graphics:graphics-shapes-android:1.0.1] AndroidManifest.xml:2:1-7:12
MERGED from [androidx.lifecycle:lifecycle-runtime-ktx-android:2.9.0] AndroidManifest.xml:2:1-7:12
MERGED from [androidx.lifecycle:lifecycle-viewmodel-ktx:2.9.0] AndroidManifest.xml:2:1-7:12
MERGED from [androidx.lifecycle:lifecycle-process:2.9.0] AndroidManifest.xml:17:1-35:12
MERGED from [androidx.lifecycle:lifecycle-livedata-core-ktx:2.9.0] AndroidManifest.xml:2:1-7:12
MERGED from [androidx.lifecycle:lifecycle-livedata-core:2.9.0] AndroidManifest.xml:17:1-22:12
MERGED from [androidx.lifecycle:lifecycle-livedata:2.9.0] AndroidManifest.xml:17:1-22:12
MERGED from [androidx.lifecycle:lifecycle-viewmodel:2.9.0] AndroidManifest.xml:2:1-5:12
MERGED from [androidx.lifecycle:lifecycle-viewmodel-android:2.9.0] AndroidManifest.xml:17:1-22:12
MERGED from [androidx.lifecycle:lifecycle-runtime-android:2.9.0] AndroidManifest.xml:17:1-22:12
MERGED from [androidx.savedstate:savedstate-ktx:1.3.0] AndroidManifest.xml:2:1-7:12
MERGED from [androidx.savedstate:savedstate-android:1.3.0] AndroidManifest.xml:17:1-22:12
MERGED from [androidx.lifecycle:lifecycle-viewmodel-savedstate-android:2.9.0] AndroidManifest.xml:17:1-22:12
MERGED from [androidx.core:core-ktx:1.17.0] AndroidManifest.xml:2:1-7:12
MERGED from [androidx.annotation:annotation-experimental:1.4.1] AndroidManifest.xml:2:1-7:12
MERGED from [androidx.profileinstaller:profileinstaller:1.4.0] AndroidManifest.xml:17:1-55:12
MERGED from [androidx.startup:startup-runtime:1.1.1] AndroidManifest.xml:17:1-33:12
MERGED from [androidx.tracing:tracing:1.2.0] AndroidManifest.xml:17:1-22:12
MERGED from [androidx.tracing:tracing-ktx:1.2.0] AndroidManifest.xml:17:1-22:12
MERGED from [androidx.core:core-viewtree:1.0.0] AndroidManifest.xml:2:1-7:12
MERGED from [androidx.versionedparcelable:versionedparcelable:1.1.1] AndroidManifest.xml:17:1-27:12
MERGED from [androidx.cursoradapter:cursoradapter:1.0.0] AndroidManifest.xml:17:1-22:12
MERGED from [androidx.cardview:cardview:1.0.0] AndroidManifest.xml:17:1-22:12
MERGED from [androidx.exifinterface:exifinterface:1.3.2] AndroidManifest.xml:17:1-24:12
MERGED from [androidx.arch.core:core-runtime:2.2.0] AndroidManifest.xml:17:1-22:12
MERGED from [androidx.camera.featurecombinationquery:featurecombinationquery:1.5.1] AndroidManifest.xml:2:1-7:12
MERGED from [androidx.interpolator:interpolator:1.0.0] AndroidManifest.xml:17:1-22:12
MERGED from [com.google.android.datatransport:transport-backend-cct:2.3.3] AndroidManifest.xml:15:1-38:12
MERGED from [com.google.android.datatransport:transport-runtime:2.2.6] AndroidManifest.xml:15:1-41:12
MERGED from [com.google.android.datatransport:transport-api:2.2.1] AndroidManifest.xml:15:1-22:12
MERGED from [com.google.firebase:firebase-components:16.1.0] AndroidManifest.xml:15:1-23:12
MERGED from [com.google.firebase:firebase-encoders-json:17.1.0] AndroidManifest.xml:15:1-23:12
MERGED from [com.google.android.odml:image:1.0.0-beta1] AndroidManifest.xml:2:1-9:12
	package
		INJECTED from src\main\AndroidManifest.xml
	android:versionName
		INJECTED from src\main\AndroidManifest.xml
	xmlns:tools
		ADDED from src\main\AndroidManifest.xml:3:5-51
	android:versionCode
		INJECTED from src\main\AndroidManifest.xml
	xmlns:android
		ADDED from src\main\AndroidManifest.xml:2:11-69
uses-feature#android.hardware.camera
ADDED from src\main\AndroidManifest.xml:5:5-7:36
	android:required
		ADDED from src\main\AndroidManifest.xml:7:9-33
	android:name
		ADDED from src\main\AndroidManifest.xml:6:9-47
uses-permission#android.permission.CAMERA
ADDED from src\main\AndroidManifest.xml:9:5-65
	android:name
		ADDED from src\main\AndroidManifest.xml:9:22-62
uses-permission#android.permission.WRITE_EXTERNAL_STORAGE
ADDED from src\main\AndroidManifest.xml:10:5-108
	android:maxSdkVersion
		ADDED from src\main\AndroidManifest.xml:10:79-105
	android:name
		ADDED from src\main\AndroidManifest.xml:10:22-78
application
ADDED from src\main\AndroidManifest.xml:12:5-42:19
INJECTED from src\main\AndroidManifest.xml:12:5-42:19
MERGED from [com.google.android.material:material:1.13.0] AndroidManifest.xml:22:5-20
MERGED from [com.google.android.material:material:1.13.0] AndroidManifest.xml:22:5-20
MERGED from [androidx.constraintlayout:constraintlayout:2.2.1] AndroidManifest.xml:7:5-20
MERGED from [androidx.constraintlayout:constraintlayout:2.2.1] AndroidManifest.xml:7:5-20
MERGED from [androidx.camera:camera-camera2:1.5.1] AndroidManifest.xml:23:5-34:19
MERGED from [androidx.camera:camera-camera2:1.5.1] AndroidManifest.xml:23:5-34:19
MERGED from [androidx.camera:camera-core:1.5.1] AndroidManifest.xml:23:5-34:19
MERGED from [androidx.camera:camera-core:1.5.1] AndroidManifest.xml:23:5-34:19
MERGED from [com.google.android.gms:play-services-mlkit-barcode-scanning:18.3.1] AndroidManifest.xml:8:5-16:19
MERGED from [com.google.android.gms:play-services-mlkit-barcode-scanning:18.3.1] AndroidManifest.xml:8:5-16:19
MERGED from [com.google.mlkit:vision-common:17.3.0] AndroidManifest.xml:8:5-16:19
MERGED from [com.google.mlkit:vision-common:17.3.0] AndroidManifest.xml:8:5-16:19
MERGED from [com.google.mlkit:common:18.11.0] AndroidManifest.xml:8:5-24:19
MERGED from [com.google.mlkit:common:18.11.0] AndroidManifest.xml:8:5-24:19
MERGED from [com.google.android.gms:play-services-base:18.5.0] AndroidManifest.xml:4:5-6:19
MERGED from [com.google.android.gms:play-services-base:18.5.0] AndroidManifest.xml:4:5-6:19
MERGED from [com.google.android.gms:play-services-tasks:18.2.0] AndroidManifest.xml:4:5-20
MERGED from [com.google.android.gms:play-services-tasks:18.2.0] AndroidManifest.xml:4:5-20
MERGED from [com.google.android.gms:play-services-basement:18.4.0] AndroidManifest.xml:5:5-7:19
MERGED from [com.google.android.gms:play-services-basement:18.4.0] AndroidManifest.xml:5:5-7:19
MERGED from [androidx.emoji2:emoji2:1.3.0] AndroidManifest.xml:23:5-33:19
MERGED from [androidx.emoji2:emoji2:1.3.0] AndroidManifest.xml:23:5-33:19
MERGED from [androidx.window:window:1.0.0] AndroidManifest.xml:24:5-31:19
MERGED from [androidx.window:window:1.0.0] AndroidManifest.xml:24:5-31:19
MERGED from [androidx.core:core:1.17.0] AndroidManifest.xml:28:5-89
MERGED from [androidx.core:core:1.17.0] AndroidManifest.xml:28:5-89
MERGED from [androidx.lifecycle:lifecycle-process:2.9.0] AndroidManifest.xml:23:5-33:19
MERGED from [androidx.lifecycle:lifecycle-process:2.9.0] AndroidManifest.xml:23:5-33:19
MERGED from [androidx.profileinstaller:profileinstaller:1.4.0] AndroidManifest.xml:23:5-53:19
MERGED from [androidx.profileinstaller:profileinstaller:1.4.0] AndroidManifest.xml:23:5-53:19
MERGED from [androidx.startup:startup-runtime:1.1.1] AndroidManifest.xml:25:5-31:19
MERGED from [androidx.startup:startup-runtime:1.1.1] AndroidManifest.xml:25:5-31:19
MERGED from [androidx.versionedparcelable:versionedparcelable:1.1.1] AndroidManifest.xml:24:5-25:19
MERGED from [androidx.versionedparcelable:versionedparcelable:1.1.1] AndroidManifest.xml:24:5-25:19
MERGED from [com.google.android.datatransport:transport-backend-cct:2.3.3] AndroidManifest.xml:28:5-36:19
MERGED from [com.google.android.datatransport:transport-backend-cct:2.3.3] AndroidManifest.xml:28:5-36:19
MERGED from [com.google.android.datatransport:transport-runtime:2.2.6] AndroidManifest.xml:25:5-39:19
MERGED from [com.google.android.datatransport:transport-runtime:2.2.6] AndroidManifest.xml:25:5-39:19
MERGED from [com.google.android.odml:image:1.0.0-beta1] AndroidManifest.xml:7:5-20
MERGED from [com.google.android.odml:image:1.0.0-beta1] AndroidManifest.xml:7:5-20
	android:extractNativeLibs
		INJECTED from src\main\AndroidManifest.xml
	android:appComponentFactory
		ADDED from [androidx.core:core:1.17.0] AndroidManifest.xml:28:18-86
	android:supportsRtl
		ADDED from src\main\AndroidManifest.xml:19:9-35
	android:label
		ADDED from src\main\AndroidManifest.xml:17:9-41
	android:fullBackupContent
		ADDED from src\main\AndroidManifest.xml:15:9-54
	android:roundIcon
		ADDED from src\main\AndroidManifest.xml:18:9-49
	tools:targetApi
		ADDED from src\main\AndroidManifest.xml:22:9-29
	android:icon
		ADDED from src\main\AndroidManifest.xml:16:9-44
	android:allowBackup
		ADDED from src\main\AndroidManifest.xml:13:9-35
	android:theme
		ADDED from src\main\AndroidManifest.xml:21:9-47
	android:networkSecurityConfig
		ADDED from src\main\AndroidManifest.xml:20:9-69
	android:dataExtractionRules
		ADDED from src\main\AndroidManifest.xml:14:9-65
activity#com.brayner.qrscanner.MainActivity
ADDED from src\main\AndroidManifest.xml:23:9-32:20
	android:screenOrientation
		ADDED from src\main\AndroidManifest.xml:26:13-49
	android:exported
		ADDED from src\main\AndroidManifest.xml:25:13-36
	android:name
		ADDED from src\main\AndroidManifest.xml:24:13-41
intent-filter#action:name:android.intent.action.MAIN+category:name:android.intent.category.LAUNCHER
ADDED from src\main\AndroidManifest.xml:27:13-31:29
action#android.intent.action.MAIN
ADDED from src\main\AndroidManifest.xml:28:17-69
	android:name
		ADDED from src\main\AndroidManifest.xml:28:25-66
category#android.intent.category.LAUNCHER
ADDED from src\main\AndroidManifest.xml:30:17-77
	android:name
		ADDED from src\main\AndroidManifest.xml:30:27-74
provider#androidx.core.content.FileProvider
ADDED from src\main\AndroidManifest.xml:33:9-41:20
	android:grantUriPermissions
		ADDED from src\main\AndroidManifest.xml:37:13-47
	android:authorities
		ADDED from src\main\AndroidManifest.xml:35:13-69
	android:exported
		ADDED from src\main\AndroidManifest.xml:36:13-37
	android:name
		ADDED from src\main\AndroidManifest.xml:34:13-62
meta-data#android.support.FILE_PROVIDER_PATHS
ADDED from src\main\AndroidManifest.xml:38:13-40:54
	android:resource
		ADDED from src\main\AndroidManifest.xml:40:17-51
	android:name
		ADDED from src\main\AndroidManifest.xml:39:17-67
uses-sdk
INJECTED from src\main\AndroidManifest.xml reason: use-sdk injection requested
INJECTED from src\main\AndroidManifest.xml
INJECTED from src\main\AndroidManifest.xml
MERGED from [androidx.databinding:viewbinding:8.13.1] AndroidManifest.xml:5:5-44
MERGED from [androidx.databinding:viewbinding:8.13.1] AndroidManifest.xml:5:5-44
MERGED from [androidx.navigation:navigation-runtime-android:2.9.6] AndroidManifest.xml:20:5-44
MERGED from [androidx.navigation:navigation-runtime-android:2.9.6] AndroidManifest.xml:20:5-44
MERGED from [androidx.navigation:navigation-common-android:2.9.6] AndroidManifest.xml:20:5-44
MERGED from [androidx.navigation:navigation-common-android:2.9.6] AndroidManifest.xml:20:5-44
MERGED from [androidx.navigation:navigation-fragment:2.9.6] AndroidManifest.xml:20:5-44
MERGED from [androidx.navigation:navigation-fragment:2.9.6] AndroidManifest.xml:20:5-44
MERGED from [androidx.navigation:navigation-fragment-ktx:2.9.6] AndroidManifest.xml:5:5-44
MERGED from [androidx.navigation:navigation-fragment-ktx:2.9.6] AndroidManifest.xml:5:5-44
MERGED from [androidx.navigation:navigation-ui-ktx:2.9.6] AndroidManifest.xml:5:5-44
MERGED from [androidx.navigation:navigation-ui-ktx:2.9.6] AndroidManifest.xml:5:5-44
MERGED from [androidx.navigation:navigation-ui:2.9.6] AndroidManifest.xml:20:5-44
MERGED from [androidx.navigation:navigation-ui:2.9.6] AndroidManifest.xml:20:5-44
MERGED from [com.google.android.material:material:1.13.0] AndroidManifest.xml:20:5-44
MERGED from [com.google.android.material:material:1.13.0] AndroidManifest.xml:20:5-44
MERGED from [androidx.constraintlayout:constraintlayout:2.2.1] AndroidManifest.xml:5:5-44
MERGED from [androidx.constraintlayout:constraintlayout:2.2.1] AndroidManifest.xml:5:5-44
MERGED from [androidx.camera:camera-video:1.5.1] AndroidManifest.xml:5:5-44
MERGED from [androidx.camera:camera-video:1.5.1] AndroidManifest.xml:5:5-44
MERGED from [androidx.camera:camera-lifecycle:1.5.1] AndroidManifest.xml:5:5-44
MERGED from [androidx.camera:camera-lifecycle:1.5.1] AndroidManifest.xml:5:5-44
MERGED from [androidx.camera:camera-camera2:1.5.1] AndroidManifest.xml:21:5-44
MERGED from [androidx.camera:camera-camera2:1.5.1] AndroidManifest.xml:21:5-44
MERGED from [androidx.camera:camera-core:1.5.1] AndroidManifest.xml:21:5-44
MERGED from [androidx.camera:camera-core:1.5.1] AndroidManifest.xml:21:5-44
MERGED from [androidx.camera:camera-view:1.5.1] AndroidManifest.xml:5:5-44
MERGED from [androidx.camera:camera-view:1.5.1] AndroidManifest.xml:5:5-44
MERGED from [androidx.appcompat:appcompat-resources:1.7.1] AndroidManifest.xml:5:5-44
MERGED from [androidx.appcompat:appcompat-resources:1.7.1] AndroidManifest.xml:5:5-44
MERGED from [com.google.mlkit:barcode-scanning:17.3.0] AndroidManifest.xml:5:5-44
MERGED from [com.google.mlkit:barcode-scanning:17.3.0] AndroidManifest.xml:5:5-44
MERGED from [com.google.android.gms:play-services-mlkit-barcode-scanning:18.3.1] AndroidManifest.xml:6:5-44
MERGED from [com.google.android.gms:play-services-mlkit-barcode-scanning:18.3.1] AndroidManifest.xml:6:5-44
MERGED from [com.google.mlkit:barcode-scanning-common:17.0.0] AndroidManifest.xml:5:5-44
MERGED from [com.google.mlkit:barcode-scanning-common:17.0.0] AndroidManifest.xml:5:5-44
MERGED from [com.google.mlkit:vision-common:17.3.0] AndroidManifest.xml:6:5-44
MERGED from [com.google.mlkit:vision-common:17.3.0] AndroidManifest.xml:6:5-44
MERGED from [com.google.mlkit:common:18.11.0] AndroidManifest.xml:6:5-44
MERGED from [com.google.mlkit:common:18.11.0] AndroidManifest.xml:6:5-44
MERGED from [androidx.appcompat:appcompat:1.7.1] AndroidManifest.xml:5:5-44
MERGED from [androidx.appcompat:appcompat:1.7.1] AndroidManifest.xml:5:5-44
MERGED from [androidx.viewpager2:viewpager2:1.0.0] AndroidManifest.xml:20:5-22:41
MERGED from [androidx.viewpager2:viewpager2:1.0.0] AndroidManifest.xml:20:5-22:41
MERGED from [com.google.android.gms:play-services-base:18.5.0] AndroidManifest.xml:3:5-44
MERGED from [com.google.android.gms:play-services-base:18.5.0] AndroidManifest.xml:3:5-44
MERGED from [com.google.mlkit:vision-interfaces:16.3.0] AndroidManifest.xml:5:5-44
MERGED from [com.google.mlkit:vision-interfaces:16.3.0] AndroidManifest.xml:5:5-44
MERGED from [com.google.android.gms:play-services-tasks:18.2.0] AndroidManifest.xml:3:5-44
MERGED from [com.google.android.gms:play-services-tasks:18.2.0] AndroidManifest.xml:3:5-44
MERGED from [com.google.android.gms:play-services-basement:18.4.0] AndroidManifest.xml:3:5-44
MERGED from [com.google.android.gms:play-services-basement:18.4.0] AndroidManifest.xml:3:5-44
MERGED from [androidx.fragment:fragment-ktx:1.6.2] AndroidManifest.xml:20:5-44
MERGED from [androidx.fragment:fragment-ktx:1.6.2] AndroidManifest.xml:20:5-44
MERGED from [androidx.fragment:fragment:1.6.2] AndroidManifest.xml:20:5-44
MERGED from [androidx.fragment:fragment:1.6.2] AndroidManifest.xml:20:5-44
MERGED from [androidx.activity:activity-ktx:1.8.0] AndroidManifest.xml:5:5-44
MERGED from [androidx.activity:activity-ktx:1.8.0] AndroidManifest.xml:5:5-44
MERGED from [androidx.activity:activity:1.8.0] AndroidManifest.xml:20:5-44
MERGED from [androidx.activity:activity:1.8.0] AndroidManifest.xml:20:5-44
MERGED from [androidx.emoji2:emoji2-views-helper:1.3.0] AndroidManifest.xml:5:5-44
MERGED from [androidx.emoji2:emoji2-views-helper:1.3.0] AndroidManifest.xml:5:5-44
MERGED from [androidx.emoji2:emoji2:1.3.0] AndroidManifest.xml:21:5-44
MERGED from [androidx.emoji2:emoji2:1.3.0] AndroidManifest.xml:21:5-44
MERGED from [androidx.drawerlayout:drawerlayout:1.1.1] AndroidManifest.xml:20:5-22:41
MERGED from [androidx.drawerlayout:drawerlayout:1.1.1] AndroidManifest.xml:20:5-22:41
MERGED from [androidx.coordinatorlayout:coordinatorlayout:1.1.0] AndroidManifest.xml:20:5-22:41
MERGED from [androidx.coordinatorlayout:coordinatorlayout:1.1.0] AndroidManifest.xml:20:5-22:41
MERGED from [androidx.slidingpanelayout:slidingpanelayout:1.2.0] AndroidManifest.xml:20:5-22:41
MERGED from [androidx.slidingpanelayout:slidingpanelayout:1.2.0] AndroidManifest.xml:20:5-22:41
MERGED from [androidx.transition:transition:1.5.0] AndroidManifest.xml:5:5-44
MERGED from [androidx.transition:transition:1.5.0] AndroidManifest.xml:5:5-44
MERGED from [androidx.dynamicanimation:dynamicanimation:1.1.0] AndroidManifest.xml:5:5-44
MERGED from [androidx.dynamicanimation:dynamicanimation:1.1.0] AndroidManifest.xml:5:5-44
MERGED from [androidx.recyclerview:recyclerview:1.2.1] AndroidManifest.xml:20:5-22:41
MERGED from [androidx.recyclerview:recyclerview:1.2.1] AndroidManifest.xml:20:5-22:41
MERGED from [androidx.vectordrawable:vectordrawable-animated:1.1.0] AndroidManifest.xml:20:5-22:41
MERGED from [androidx.vectordrawable:vectordrawable-animated:1.1.0] AndroidManifest.xml:20:5-22:41
MERGED from [androidx.vectordrawable:vectordrawable:1.1.0] AndroidManifest.xml:20:5-22:41
MERGED from [androidx.vectordrawable:vectordrawable:1.1.0] AndroidManifest.xml:20:5-22:41
MERGED from [androidx.viewpager:viewpager:1.0.0] AndroidManifest.xml:20:5-44
MERGED from [androidx.viewpager:viewpager:1.0.0] AndroidManifest.xml:20:5-44
MERGED from [androidx.customview:customview:1.1.0] AndroidManifest.xml:20:5-22:41
MERGED from [androidx.customview:customview:1.1.0] AndroidManifest.xml:20:5-22:41
MERGED from [androidx.window:window:1.0.0] AndroidManifest.xml:20:5-22:41
MERGED from [androidx.window:window:1.0.0] AndroidManifest.xml:20:5-22:41
MERGED from [androidx.loader:loader:1.0.0] AndroidManifest.xml:20:5-44
MERGED from [androidx.loader:loader:1.0.0] AndroidManifest.xml:20:5-44
MERGED from [androidx.core:core:1.17.0] AndroidManifest.xml:20:5-44
MERGED from [androidx.core:core:1.17.0] AndroidManifest.xml:20:5-44
MERGED from [androidx.graphics:graphics-shapes-android:1.0.1] AndroidManifest.xml:5:5-44
MERGED from [androidx.graphics:graphics-shapes-android:1.0.1] AndroidManifest.xml:5:5-44
MERGED from [androidx.lifecycle:lifecycle-runtime-ktx-android:2.9.0] AndroidManifest.xml:5:5-44
MERGED from [androidx.lifecycle:lifecycle-runtime-ktx-android:2.9.0] AndroidManifest.xml:5:5-44
MERGED from [androidx.lifecycle:lifecycle-viewmodel-ktx:2.9.0] AndroidManifest.xml:5:5-44
MERGED from [androidx.lifecycle:lifecycle-viewmodel-ktx:2.9.0] AndroidManifest.xml:5:5-44
MERGED from [androidx.lifecycle:lifecycle-process:2.9.0] AndroidManifest.xml:21:5-44
MERGED from [androidx.lifecycle:lifecycle-process:2.9.0] AndroidManifest.xml:21:5-44
MERGED from [androidx.lifecycle:lifecycle-livedata-core-ktx:2.9.0] AndroidManifest.xml:5:5-44
MERGED from [androidx.lifecycle:lifecycle-livedata-core-ktx:2.9.0] AndroidManifest.xml:5:5-44
MERGED from [androidx.lifecycle:lifecycle-livedata-core:2.9.0] AndroidManifest.xml:20:5-44
MERGED from [androidx.lifecycle:lifecycle-livedata-core:2.9.0] AndroidManifest.xml:20:5-44
MERGED from [androidx.lifecycle:lifecycle-livedata:2.9.0] AndroidManifest.xml:20:5-44
MERGED from [androidx.lifecycle:lifecycle-livedata:2.9.0] AndroidManifest.xml:20:5-44
MERGED from [androidx.lifecycle:lifecycle-viewmodel:2.9.0] AndroidManifest.xml:4:5-43
MERGED from [androidx.lifecycle:lifecycle-viewmodel:2.9.0] AndroidManifest.xml:4:5-43
MERGED from [androidx.lifecycle:lifecycle-viewmodel-android:2.9.0] AndroidManifest.xml:20:5-44
MERGED from [androidx.lifecycle:lifecycle-viewmodel-android:2.9.0] AndroidManifest.xml:20:5-44
MERGED from [androidx.lifecycle:lifecycle-runtime-android:2.9.0] AndroidManifest.xml:20:5-44
MERGED from [androidx.lifecycle:lifecycle-runtime-android:2.9.0] AndroidManifest.xml:20:5-44
MERGED from [androidx.savedstate:savedstate-ktx:1.3.0] AndroidManifest.xml:5:5-44
MERGED from [androidx.savedstate:savedstate-ktx:1.3.0] AndroidManifest.xml:5:5-44
MERGED from [androidx.savedstate:savedstate-android:1.3.0] AndroidManifest.xml:20:5-44
MERGED from [androidx.savedstate:savedstate-android:1.3.0] AndroidManifest.xml:20:5-44
MERGED from [androidx.lifecycle:lifecycle-viewmodel-savedstate-android:2.9.0] AndroidManifest.xml:20:5-44
MERGED from [androidx.lifecycle:lifecycle-viewmodel-savedstate-android:2.9.0] AndroidManifest.xml:20:5-44
MERGED from [androidx.core:core-ktx:1.17.0] AndroidManifest.xml:5:5-44
MERGED from [androidx.core:core-ktx:1.17.0] AndroidManifest.xml:5:5-44
MERGED from [androidx.annotation:annotation-experimental:1.4.1] AndroidManifest.xml:5:5-44
MERGED from [androidx.annotation:annotation-experimental:1.4.1] AndroidManifest.xml:5:5-44
MERGED from [androidx.profileinstaller:profileinstaller:1.4.0] AndroidManifest.xml:21:5-44
MERGED from [androidx.profileinstaller:profileinstaller:1.4.0] AndroidManifest.xml:21:5-44
MERGED from [androidx.startup:startup-runtime:1.1.1] AndroidManifest.xml:21:5-23:41
MERGED from [androidx.startup:startup-runtime:1.1.1] AndroidManifest.xml:21:5-23:41
MERGED from [androidx.tracing:tracing:1.2.0] AndroidManifest.xml:20:5-44
MERGED from [androidx.tracing:tracing:1.2.0] AndroidManifest.xml:20:5-44
MERGED from [androidx.tracing:tracing-ktx:1.2.0] AndroidManifest.xml:20:5-44
MERGED from [androidx.tracing:tracing-ktx:1.2.0] AndroidManifest.xml:20:5-44
MERGED from [androidx.core:core-viewtree:1.0.0] AndroidManifest.xml:5:5-44
MERGED from [androidx.core:core-viewtree:1.0.0] AndroidManifest.xml:5:5-44
MERGED from [androidx.versionedparcelable:versionedparcelable:1.1.1] AndroidManifest.xml:20:5-22:41
MERGED from [androidx.versionedparcelable:versionedparcelable:1.1.1] AndroidManifest.xml:20:5-22:41
MERGED from [androidx.cursoradapter:cursoradapter:1.0.0] AndroidManifest.xml:20:5-44
MERGED from [androidx.cursoradapter:cursoradapter:1.0.0] AndroidManifest.xml:20:5-44
MERGED from [androidx.cardview:cardview:1.0.0] AndroidManifest.xml:20:5-44
MERGED from [androidx.cardview:cardview:1.0.0] AndroidManifest.xml:20:5-44
MERGED from [androidx.exifinterface:exifinterface:1.3.2] AndroidManifest.xml:20:5-22:41
MERGED from [androidx.exifinterface:exifinterface:1.3.2] AndroidManifest.xml:20:5-22:41
MERGED from [androidx.arch.core:core-runtime:2.2.0] AndroidManifest.xml:20:5-44
MERGED from [androidx.arch.core:core-runtime:2.2.0] AndroidManifest.xml:20:5-44
MERGED from [androidx.camera.featurecombinationquery:featurecombinationquery:1.5.1] AndroidManifest.xml:5:5-44
MERGED from [androidx.camera.featurecombinationquery:featurecombinationquery:1.5.1] AndroidManifest.xml:5:5-44
MERGED from [androidx.interpolator:interpolator:1.0.0] AndroidManifest.xml:20:5-44
MERGED from [androidx.interpolator:interpolator:1.0.0] AndroidManifest.xml:20:5-44
MERGED from [com.google.android.datatransport:transport-backend-cct:2.3.3] AndroidManifest.xml:19:5-21:41
MERGED from [com.google.android.datatransport:transport-backend-cct:2.3.3] AndroidManifest.xml:19:5-21:41
MERGED from [com.google.android.datatransport:transport-runtime:2.2.6] AndroidManifest.xml:18:5-20:41
MERGED from [com.google.android.datatransport:transport-runtime:2.2.6] AndroidManifest.xml:18:5-20:41
MERGED from [com.google.android.datatransport:transport-api:2.2.1] AndroidManifest.xml:18:5-20:41
MERGED from [com.google.android.datatransport:transport-api:2.2.1] AndroidManifest.xml:18:5-20:41
MERGED from [com.google.firebase:firebase-components:16.1.0] AndroidManifest.xml:19:5-21:41
MERGED from [com.google.firebase:firebase-components:16.1.0] AndroidManifest.xml:19:5-21:41
MERGED from [com.google.firebase:firebase-encoders-json:17.1.0] AndroidManifest.xml:19:5-21:41
MERGED from [com.google.firebase:firebase-encoders-json:17.1.0] AndroidManifest.xml:19:5-21:41
MERGED from [com.google.android.odml:image:1.0.0-beta1] AndroidManifest.xml:5:5-44
MERGED from [com.google.android.odml:image:1.0.0-beta1] AndroidManifest.xml:5:5-44
	android:targetSdkVersion
		INJECTED from src\main\AndroidManifest.xml
	android:minSdkVersion
		INJECTED from src\main\AndroidManifest.xml
service#androidx.camera.core.impl.MetadataHolderService
ADDED from [androidx.camera:camera-camera2:1.5.1] AndroidManifest.xml:24:9-33:19
MERGED from [androidx.camera:camera-core:1.5.1] AndroidManifest.xml:29:9-33:78
MERGED from [androidx.camera:camera-core:1.5.1] AndroidManifest.xml:29:9-33:78
	tools:node
		ADDED from [androidx.camera:camera-camera2:1.5.1] AndroidManifest.xml:29:13-31
	android:enabled
		ADDED from [androidx.camera:camera-camera2:1.5.1] AndroidManifest.xml:26:13-36
	android:exported
		ADDED from [androidx.camera:camera-camera2:1.5.1] AndroidManifest.xml:27:13-37
	tools:ignore
		ADDED from [androidx.camera:camera-camera2:1.5.1] AndroidManifest.xml:28:13-75
	android:name
		ADDED from [androidx.camera:camera-camera2:1.5.1] AndroidManifest.xml:25:13-75
meta-data#androidx.camera.core.impl.MetadataHolderService.DEFAULT_CONFIG_PROVIDER
ADDED from [androidx.camera:camera-camera2:1.5.1] AndroidManifest.xml:30:13-32:89
	android:value
		ADDED from [androidx.camera:camera-camera2:1.5.1] AndroidManifest.xml:32:17-86
	android:name
		ADDED from [androidx.camera:camera-camera2:1.5.1] AndroidManifest.xml:31:17-103
service#com.google.mlkit.common.internal.MlKitComponentDiscoveryService
ADDED from [com.google.android.gms:play-services-mlkit-barcode-scanning:18.3.1] AndroidManifest.xml:9:9-15:19
MERGED from [com.google.mlkit:vision-common:17.3.0] AndroidManifest.xml:9:9-15:19
MERGED from [com.google.mlkit:vision-common:17.3.0] AndroidManifest.xml:9:9-15:19
MERGED from [com.google.mlkit:common:18.11.0] AndroidManifest.xml:15:9-23:19
MERGED from [com.google.mlkit:common:18.11.0] AndroidManifest.xml:15:9-23:19
	android:exported
		ADDED from [com.google.android.gms:play-services-mlkit-barcode-scanning:18.3.1] AndroidManifest.xml:11:13-37
	tools:targetApi
		ADDED from [com.google.mlkit:common:18.11.0] AndroidManifest.xml:19:13-32
	android:directBootAware
		ADDED from [com.google.mlkit:common:18.11.0] AndroidManifest.xml:17:13-43
	android:name
		ADDED from [com.google.android.gms:play-services-mlkit-barcode-scanning:18.3.1] AndroidManifest.xml:10:13-91
meta-data#com.google.firebase.components:com.google.mlkit.vision.barcode.internal.BarcodeRegistrar
ADDED from [com.google.android.gms:play-services-mlkit-barcode-scanning:18.3.1] AndroidManifest.xml:12:13-14:85
	android:value